2021-03-26 09:57:51.183: Program Start
2021-03-26 10:07:28.089: Program Start
2021-03-26 10:07:30.112: Program End
2021-03-26 10:08:16.252: Program Start
2021-03-26 10:08:38.180: Deleted file: .\watch\New Text Document.txt
2021-03-26 10:09:03.521: Program End
2021-03-26 10:19:52.271: Program Start
2021-03-26 10:20:05.402: Deleted file: .\watch\New Text Document (2).txt
2021-03-26 10:20:14.502: Modified file: .\watch\~ew shortcut.tmp
2021-03-26 10:20:14.506: Deleted file: .\watch\New shortcut.lnk
2021-03-26 10:20:14.506: Modified file: .\watch\New shortcut.lnk~RF7e8be0d5.TMP
2021-03-26 10:20:14.506: Moved file: from .\watch\~ew shortcut.tmp to .\watch\New shortcut.lnk
2021-03-26 10:20:14.506: Modified file: .\watch\New shortcut.lnk~RF7e8be0d5.TMP
2021-03-26 10:20:14.506: Modified file: .\watch\New shortcut.lnk
2021-03-26 10:20:14.507: Deleted file: .\watch\New shortcut.lnk~RF7e8be0d5.TMP
2021-03-26 10:20:16.150: Deleted file: .\watch\New shortcut.lnk
2021-05-10 11:56:32.256: Program Start
2021-05-10 11:58:04.262: Program Start
2021-05-14 14:45:28.601: Program Start
2021-05-14 14:45:31.650: Program End
2021-06-04 16:13:32.660: Program Start
2021-06-04 16:16:14.345: Program Start
2021-06-04 16:19:08.621: Program Start
2021-06-04 16:19:18.761: Program End
2021-06-04 17:26:46.016: Program Start
2021-06-04 17:27:38.044: Program Start
2021-06-04 17:27:45.140: Program End
2021-10-14 12:21:32.533: Program Start
2021-10-14 12:22:12.147: Program Start
2021-10-14 12:24:59.315: Program Start
2021-10-14 12:25:13.347: Program Start
2021-10-14 12:26:10.664: Program Start
